<?xml version="1.0" encoding="UTF-8"?>
<TestRun id="a5eb8a02-476a-4ff7-9e13-2a84b7b7ff31" name="Wesley@EIN 2010-07-13 19:15:49" runUser="EIN\Wesley" xmlns="http://microsoft.com/schemas/VisualStudio/TeamTest/2010">
  <TestSettings name="Local" id="8bca6ea7-35da-472b-baba-f9df88485fac">
    <Description>These are default test settings for a local test run.</Description>
    <Deployment enabled="false" runDeploymentRoot="Wesley_EIN 2010-07-13 19_15_49">
      <DeploymentItem filename="c:\documents and settings\wesley\my documents\visual studio 2010\Projects\NeatTicTacToe\TicTacToeLib\bin\Debug\TicTacToeLib.dll" />
    </Deployment>
    <Execution>
      <TestTypeSpecific />
      <AgentRule name="Execution Agents">
      </AgentRule>
    </Execution>
  </TestSettings>
  <Times creation="2010-07-13T19:15:49.8593750-07:00" queuing="2010-07-13T19:15:50.9531250-07:00" start="2010-07-13T19:15:51.0625000-07:00" finish="2010-07-13T19:17:21.7812500-07:00" />
  <ResultSummary outcome="Error">
    <Counters total="2" executed="2" passed="1" error="0" failed="0" timeout="0" aborted="1" inconclusive="0" passedButRunAborted="0" notRunnable="0" notExecuted="0" disconnected="0" warning="0" completed="0" inProgress="0" pending="0" />
    <RunInfos>
      <RunInfo computerName="EIN" outcome="Error" timestamp="2010-07-13T19:17:21.7812500-07:00">
        <Text>Test host process exited unexpectedly.</Text>
      </RunInfo>
    </RunInfos>
  </ResultSummary>
  <TestDefinitions>
    <UnitTest name="GetBoardFromStringTest" storage="c:\documents and settings\wesley\my documents\visual studio 2010\projects\neattictactoe\testtictactoe\bin\debug\testtictactoe.dll" id="ff75265a-ec4b-b302-a3d6-1a4c1f15bf84">
      <Execution id="868e4e27-d374-4755-b271-0d525840c8bb" />
      <TestMethod codeBase="c:/documents and settings/wesley/my documents/visual studio 2010/Projects/NeatTicTacToe/TestTicTacToe/bin/Debug/TestTicTacToe.DLL" adapterTypeName="Microsoft.VisualStudio.TestTools.TestTypes.Unit.UnitTestAdapter, Microsoft.VisualStudio.QualityTools.Tips.UnitTest.Adapter, Version=10.0.0.0, Culture=neutral, PublicKeyToken=b03f5f7f11d50a3a" className="TestTicTacToe.TicTacToeGameTest, TestTicTacToe, Version=1.0.0.0, Culture=neutral, PublicKeyToken=null" name="GetBoardFromStringTest" />
    </UnitTest>
    <UnitTest name="GetWinnerTest" storage="c:\documents and settings\wesley\my documents\visual studio 2010\projects\neattictactoe\testtictactoe\bin\debug\testtictactoe.dll" id="83eebd0a-4a1d-4837-ea3d-59e35bb2f4bf">
      <Execution id="1a82651e-83db-4bdf-8318-0b723898f544" />
      <TestMethod codeBase="c:/documents and settings/wesley/my documents/visual studio 2010/Projects/NeatTicTacToe/TestTicTacToe/bin/Debug/TestTicTacToe.DLL" adapterTypeName="Microsoft.VisualStudio.TestTools.TestTypes.Unit.UnitTestAdapter, Microsoft.VisualStudio.QualityTools.Tips.UnitTest.Adapter, Version=10.0.0.0, Culture=neutral, PublicKeyToken=b03f5f7f11d50a3a" className="TestTicTacToe.TicTacToeGameTest, TestTicTacToe, Version=1.0.0.0, Culture=neutral, PublicKeyToken=null" name="GetWinnerTest" />
    </UnitTest>
  </TestDefinitions>
  <TestLists>
    <TestList name="Results Not in a List" id="8c84fa94-04c1-424b-9868-57a2d4851a1d" />
    <TestList name="All Loaded Results" id="19431567-8539-422a-85d7-44ee4e166bda" />
  </TestLists>
  <TestEntries>
    <TestEntry testId="83eebd0a-4a1d-4837-ea3d-59e35bb2f4bf" executionId="1a82651e-83db-4bdf-8318-0b723898f544" testListId="8c84fa94-04c1-424b-9868-57a2d4851a1d" />
    <TestEntry testId="ff75265a-ec4b-b302-a3d6-1a4c1f15bf84" executionId="868e4e27-d374-4755-b271-0d525840c8bb" testListId="8c84fa94-04c1-424b-9868-57a2d4851a1d" />
  </TestEntries>
  <Results>
    <UnitTestResult executionId="1a82651e-83db-4bdf-8318-0b723898f544" testId="83eebd0a-4a1d-4837-ea3d-59e35bb2f4bf" testName="GetWinnerTest" computerName="EIN" duration="00:00:25.9239814" startTime="2010-07-13T19:15:51.1875000-07:00" endTime="2010-07-13T19:16:17.8437500-07:00" testType="13cdc9d9-ddb5-4fa4-a97d-d965ccfc6d4b" outcome="Passed" testListId="8c84fa94-04c1-424b-9868-57a2d4851a1d" relativeResultsDirectory="1a82651e-83db-4bdf-8318-0b723898f544">
    </UnitTestResult>
    <UnitTestResult executionId="868e4e27-d374-4755-b271-0d525840c8bb" testId="ff75265a-ec4b-b302-a3d6-1a4c1f15bf84" testName="GetBoardFromStringTest" computerName="EIN" duration="00:01:03.9218750" startTime="2010-07-13T19:16:17.8593750-07:00" endTime="2010-07-13T19:17:21.7812500-07:00" testType="13cdc9d9-ddb5-4fa4-a97d-d965ccfc6d4b" outcome="Aborted" testListId="8c84fa94-04c1-424b-9868-57a2d4851a1d" relativeResultsDirectory="868e4e27-d374-4755-b271-0d525840c8bb">
    </UnitTestResult>
  </Results>
</TestRun>