<?xml version="1.0" encoding="UTF-8"?>
<TestRun id="ef8fa83d-9eee-46e1-8672-cf4f0765c8c2" name="Wesley@EIN 2010-07-13 19:10:03" runUser="EIN\Wesley" xmlns="http://microsoft.com/schemas/VisualStudio/TeamTest/2010">
  <TestSettings name="Local" id="8bca6ea7-35da-472b-baba-f9df88485fac">
    <Description>These are default test settings for a local test run.</Description>
    <Deployment enabled="false" runDeploymentRoot="Wesley_EIN 2010-07-13 19_10_03">
      <DeploymentItem filename="c:\documents and settings\wesley\my documents\visual studio 2010\Projects\NeatTicTacToe\TicTacToeLib\bin\Debug\TicTacToeLib.dll" />
    </Deployment>
    <Execution>
      <TestTypeSpecific />
      <AgentRule name="Execution Agents">
      </AgentRule>
    </Execution>
  </TestSettings>
  <Times creation="2010-07-13T19:10:03.6250000-07:00" queuing="2010-07-13T19:10:03.6406250-07:00" start="2010-07-13T19:10:03.6562500-07:00" finish="2010-07-13T19:10:04.0000000-07:00" />
  <ResultSummary outcome="Failed">
    <Counters total="2" executed="2" passed="1" error="0" failed="1" timeout="0" aborted="0" inconclusive="0" passedButRunAborted="0" notRunnable="0" notExecuted="0" disconnected="0" warning="0" completed="0" inProgress="0" pending="0" />
  </ResultSummary>
  <TestDefinitions>
    <UnitTest name="GetBoardFromStringTest" storage="c:\documents and settings\wesley\my documents\visual studio 2010\projects\neattictactoe\testtictactoe\bin\debug\testtictactoe.dll" id="ff75265a-ec4b-b302-a3d6-1a4c1f15bf84">
      <Execution id="9757c478-2a62-41e2-9a2b-6a0d3dbc61f8" />
      <TestMethod codeBase="c:/documents and settings/wesley/my documents/visual studio 2010/Projects/NeatTicTacToe/TestTicTacToe/bin/Debug/TestTicTacToe.DLL" adapterTypeName="Microsoft.VisualStudio.TestTools.TestTypes.Unit.UnitTestAdapter, Microsoft.VisualStudio.QualityTools.Tips.UnitTest.Adapter, Version=10.0.0.0, Culture=neutral, PublicKeyToken=b03f5f7f11d50a3a" className="TestTicTacToe.TicTacToeGameTest, TestTicTacToe, Version=1.0.0.0, Culture=neutral, PublicKeyToken=null" name="GetBoardFromStringTest" />
    </UnitTest>
    <UnitTest name="GetWinnerTest" storage="c:\documents and settings\wesley\my documents\visual studio 2010\projects\neattictactoe\testtictactoe\bin\debug\testtictactoe.dll" id="83eebd0a-4a1d-4837-ea3d-59e35bb2f4bf">
      <Execution id="b5188ef2-e3f7-4271-b036-2fc73f45d3df" />
      <TestMethod codeBase="c:/documents and settings/wesley/my documents/visual studio 2010/Projects/NeatTicTacToe/TestTicTacToe/bin/Debug/TestTicTacToe.DLL" adapterTypeName="Microsoft.VisualStudio.TestTools.TestTypes.Unit.UnitTestAdapter, Microsoft.VisualStudio.QualityTools.Tips.UnitTest.Adapter, Version=10.0.0.0, Culture=neutral, PublicKeyToken=b03f5f7f11d50a3a" className="TestTicTacToe.TicTacToeGameTest, TestTicTacToe, Version=1.0.0.0, Culture=neutral, PublicKeyToken=null" name="GetWinnerTest" />
    </UnitTest>
  </TestDefinitions>
  <TestLists>
    <TestList name="Results Not in a List" id="8c84fa94-04c1-424b-9868-57a2d4851a1d" />
    <TestList name="All Loaded Results" id="19431567-8539-422a-85d7-44ee4e166bda" />
  </TestLists>
  <TestEntries>
    <TestEntry testId="83eebd0a-4a1d-4837-ea3d-59e35bb2f4bf" executionId="b5188ef2-e3f7-4271-b036-2fc73f45d3df" testListId="8c84fa94-04c1-424b-9868-57a2d4851a1d" />
    <TestEntry testId="ff75265a-ec4b-b302-a3d6-1a4c1f15bf84" executionId="9757c478-2a62-41e2-9a2b-6a0d3dbc61f8" testListId="8c84fa94-04c1-424b-9868-57a2d4851a1d" />
  </TestEntries>
  <Results>
    <UnitTestResult executionId="b5188ef2-e3f7-4271-b036-2fc73f45d3df" testId="83eebd0a-4a1d-4837-ea3d-59e35bb2f4bf" testName="GetWinnerTest" computerName="EIN" duration="00:00:00.0162474" startTime="2010-07-13T19:10:03.6562500-07:00" endTime="2010-07-13T19:10:03.9531250-07:00" testType="13cdc9d9-ddb5-4fa4-a97d-d965ccfc6d4b" outcome="Passed" testListId="8c84fa94-04c1-424b-9868-57a2d4851a1d" relativeResultsDirectory="b5188ef2-e3f7-4271-b036-2fc73f45d3df">
    </UnitTestResult>
    <UnitTestResult executionId="9757c478-2a62-41e2-9a2b-6a0d3dbc61f8" testId="ff75265a-ec4b-b302-a3d6-1a4c1f15bf84" testName="GetBoardFromStringTest" computerName="EIN" duration="00:00:00.0199059" startTime="2010-07-13T19:10:03.9531250-07:00" endTime="2010-07-13T19:10:03.9843750-07:00" testType="13cdc9d9-ddb5-4fa4-a97d-d965ccfc6d4b" outcome="Failed" testListId="8c84fa94-04c1-424b-9868-57a2d4851a1d" relativeResultsDirectory="9757c478-2a62-41e2-9a2b-6a0d3dbc61f8">
      <Output>
        <ErrorInfo>
          <Message>Assert.AreEqual failed. Expected:&lt;X&gt;. Actual:&lt;N&gt;. </Message>
          <StackTrace>   at TestTicTacToe.TicTacToeGameTest.AssertEqualBoards(SquareTypes[,] expected, SquareTypes[,] actual) in c:\documents and settings\wesley\my documents\visual studio 2010\Projects\NeatTicTacToe\TestTicTacToe\TicTacToeGameTest.cs:line 94
   at TestTicTacToe.TicTacToeGameTest.GetBoardFromStringTest() in c:\documents and settings\wesley\my documents\visual studio 2010\Projects\NeatTicTacToe\TestTicTacToe\TicTacToeGameTest.cs:line 89
</StackTrace>
        </ErrorInfo>
      </Output>
    </UnitTestResult>
  </Results>
</TestRun>